<?xml version="1.0" encoding="UTF-8"?>
<testng-results ignored="0" total="2" passed="2" failed="0" skipped="0">
  <reporter-output>
  </reporter-output>
  <suite started-at="2023-12-13T21:12:04 IST" name="Suite" finished-at="2023-12-13T21:12:14 IST" duration-ms="9974">
    <groups>
    </groups>
    <test started-at="2023-12-13T21:12:04 IST" name="ChromeTest" finished-at="2023-12-13T21:12:07 IST" duration-ms="3493">
      <class name="com.testng.CrossBrowserTest">
        <test-method is-config="true" signature="crossBrowser(java.lang.String)[pri:0, instance:com.testng.CrossBrowserTest@4a3631f8]" started-at="2023-12-13T21:12:04 IST" name="crossBrowser" finished-at="2023-12-13T21:12:06 IST" duration-ms="1843" status="PASS">
          <params>
            <param index="0">
              <value>
                <![CDATA[chrome]]>
              </value>
            </param>
          </params>
          <reporter-output>
          </reporter-output>
        </test-method> <!-- crossBrowser -->
        <test-method signature="launchUrl()[pri:0, instance:com.testng.CrossBrowserTest@4a3631f8]" started-at="2023-12-13T21:12:06 IST" name="launchUrl" finished-at="2023-12-13T21:12:07 IST" duration-ms="1583" status="PASS">
          <reporter-output>
          </reporter-output>
        </test-method> <!-- launchUrl -->
      </class> <!-- com.testng.CrossBrowserTest -->
    </test> <!-- ChromeTest -->
    <test started-at="2023-12-13T21:12:08 IST" name="EdgeTest" finished-at="2023-12-13T21:12:14 IST" duration-ms="6392">
      <class name="com.testng.CrossBrowserTest">
        <test-method is-config="true" signature="crossBrowser(java.lang.String)[pri:0, instance:com.testng.CrossBrowserTest@125290e5]" started-at="2023-12-13T21:12:08 IST" name="crossBrowser" finished-at="2023-12-13T21:12:11 IST" duration-ms="3417" status="PASS">
          <params>
            <param index="0">
              <value>
                <![CDATA[edge]]>
              </value>
            </param>
          </params>
          <reporter-output>
          </reporter-output>
        </test-method> <!-- crossBrowser -->
        <test-method signature="launchUrl()[pri:0, instance:com.testng.CrossBrowserTest@125290e5]" started-at="2023-12-13T21:12:11 IST" name="launchUrl" finished-at="2023-12-13T21:12:14 IST" duration-ms="2968" status="PASS">
          <reporter-output>
          </reporter-output>
        </test-method> <!-- launchUrl -->
      </class> <!-- com.testng.CrossBrowserTest -->
    </test> <!-- EdgeTest -->
  </suite> <!-- Suite -->
</testng-results>
